  ▲ Next.js 14.2.30
  - Local:        http://localhost:3000
  - Environments: .env.local

 ✓ Starting...
 ✓ Ready in 3.5s
 ○ Compiling /middleware ...
 ✓ Compiled /middleware in 1458ms (124 modules)
 ○ Compiling /login ...
 ✓ Compiled /login in 7.1s (613 modules)
 GET /login 200 in 8065ms
 ✓ Compiled in 990ms (314 modules)
 ○ Compiling /register ...
 ✓ Compiled /register in 3.3s (605 modules)
 GET /login?error=access_denied&error_code=otp_expired&error_description=Email+link+is+invalid+or+has+expired 200 in 429ms
 ○ Compiling /dashboard ...
 ✓ Compiled /dashboard in 1510ms (677 modules)
 ✓ Compiled in 834ms (318 modules)
 ✓ Compiled in 473ms (318 modules)
 ✓ Compiled in 286ms (318 modules)
 ✓ Compiled in 1047ms (633 modules)
 GET /dashboard 200 in 366ms
 GET /dashboard 200 in 198ms
 ○ Compiling /projects/[id]/analysis ...
 ✓ Compiled /projects/[id]/analysis in 875ms (640 modules)
 ✓ Compiled in 328ms (323 modules)
 ✓ Compiled in 415ms (640 modules)
 ✓ Compiled in 980ms (630 modules)
 ✓ Compiled in 740ms (644 modules)
 ✓ Compiled in 546ms (326 modules)
 ✓ Compiled in 601ms (326 modules)
 GET /dashboard 200 in 254ms
 ○ Compiling /projects/[id]/standards ...
 ✓ Compiled /projects/[id]/standards in 844ms (650 modules)
 ○ Compiling /projects/[id]/database ...
 ✓ Compiled /projects/[id]/database in 544ms (642 modules)
 GET /dashboard 200 in 185ms
 GET /dashboard 200 in 66ms
 ✓ Compiled in 284ms (330 modules)
 ✓ Compiled in 1021ms (762 modules)
 ✓ Compiled in 706ms (652 modules)
 ✓ Compiled in 656ms (652 modules)
 ✓ Compiled in 546ms (652 modules)
 GET /projects/f9aece68-4bc5-4f91-a871-760a4f7b7766/standards 200 in 230ms
 ○ Compiling /standards ...
 ✓ Compiled /standards in 916ms (644 modules)
 GET /standards 200 in 295ms
 GET /projects/f9aece68-4bc5-4f91-a871-760a4f7b7766/analysis 200 in 119ms
 GET /projects/f9aece68-4bc5-4f91-a871-760a4f7b7766/analysis 200 in 96ms
 ○ Compiling / ...
 ✓ Compiled / in 861ms (660 modules)
 GET / 307 in 1162ms
 GET /dashboard 200 in 88ms
 ✓ Compiled in 999ms (660 modules)
 GET /projects/f9aece68-4bc5-4f91-a871-760a4f7b7766/analysis 200 in 334ms
 ✓ Compiled in 843ms (660 modules)
 GET /projects/f9aece68-4bc5-4f91-a871-760a4f7b7766/analysis 200 in 531ms
 ✓ Compiled in 873ms (660 modules)
 GET /projects/f9aece68-4bc5-4f91-a871-760a4f7b7766/analysis 200 in 623ms
 GET /projects/f9aece68-4bc5-4f91-a871-760a4f7b7766/analysis 200 in 123ms
 GET /projects/f9aece68-4bc5-4f91-a871-760a4f7b7766/analysis 200 in 112ms
 GET /projects/f9aece68-4bc5-4f91-a871-760a4f7b7766/analysis 200 in 318ms
 GET /projects/f9aece68-4bc5-4f91-a871-760a4f7b7766/analysis 200 in 87ms
 GET /projects/f9aece68-4bc5-4f91-a871-760a4f7b7766/analysis 200 in 248ms
 GET /projects/f9aece68-4bc5-4f91-a871-760a4f7b7766/analysis 200 in 82ms
 GET /projects/f9aece68-4bc5-4f91-a871-760a4f7b7766/analysis 200 in 54ms
 ○ Compiling /projects/[id]/chat ...
 ✓ Compiled /projects/[id]/chat in 1074ms (641 modules)
 GET /projects/f9aece68-4bc5-4f91-a871-760a4f7b7766/analysis 200 in 201ms
 GET /dashboard 200 in 80ms
 GET /dashboard 200 in 66ms
 ✓ Compiled / in 297ms (326 modules)
 GET / 307 in 574ms
 GET /dashboard 200 in 238ms
 GET /projects/f9aece68-4bc5-4f91-a871-760a4f7b7766/analysis 200 in 102ms
 GET /projects/f9aece68-4bc5-4f91-a871-760a4f7b7766/analysis 200 in 100ms
 GET /projects/f9aece68-4bc5-4f91-a871-760a4f7b7766/analysis 200 in 77ms
 ✓ Compiled /projects/[id]/standards in 322ms (323 modules)
 ✓ Compiled in 1509ms (651 modules)
 ✓ Compiled in 588ms (651 modules)
 ✓ Compiled in 585ms (651 modules)
 GET /standards 200 in 187ms
 ✓ Compiled in 1187ms (651 modules)
 GET /standards 200 in 200ms
 ✓ Compiled in 1123ms (651 modules)
 GET /standards 200 in 683ms
 ✓ Compiled in 1046ms (651 modules)
 GET /standards 200 in 615ms
 ✓ Compiled in 938ms (651 modules)
 GET /standards 200 in 550ms
 GET /standards 200 in 98ms
 ✓ Compiled in 961ms (651 modules)
 GET /standards 200 in 274ms
 ✓ Compiled in 669ms (651 modules)
 ✓ Compiled in 396ms (651 modules)
 GET /standards 200 in 385ms
 ✓ Compiled in 527ms (651 modules)
 ✓ Compiled in 434ms (651 modules)
 ✓ Compiled in 539ms (651 modules)
 ○ Compiling /login ...
 ✓ Compiled /login in 1452ms (324 modules)
 GET /projects/f9aece68-4bc5-4f91-a871-760a4f7b7766/analysis 200 in 242ms
 ✓ Compiled in 548ms (651 modules)
 GET /projects/f9aece68-4bc5-4f91-a871-760a4f7b7766/analysis 200 in 119ms
